TN:
SF:src/modules/appointments/services/CreateAppointmentService.ts
FN:19,(anonymous_18)
FN:20,CreateAppointmentService
FN:28,(anonymous_20)
FNF:3
FNH:3
FNDA:1,(anonymous_18)
FNDA:7,CreateAppointmentService
FNDA:9,(anonymous_20)
DA:1,1
DA:2,1
DA:4,1
DA:19,1
DA:22,7
DA:24,7
DA:26,7
DA:28,1
DA:29,9
DA:30,9
DA:31,9
DA:33,9
DA:35,9
DA:36,1
DA:39,8
DA:40,1
DA:43,7
DA:44,2
DA:47,5
DA:52,5
DA:53,1
DA:56,4
DA:62,4
DA:64,8
DA:69,8
DA:76,4
DA:78,1
DA:80,1
LF:28
LH:28
BRDA:35,0,0,1
BRDA:35,0,1,8
BRDA:39,1,0,1
BRDA:39,1,1,7
BRDA:43,2,0,2
BRDA:43,2,1,5
BRDA:43,3,0,7
BRDA:43,3,1,6
BRDA:52,4,0,1
BRDA:52,4,1,4
BRF:10
BRH:10
end_of_record
TN:
SF:src/modules/appointments/services/ListProviderAppointmentsService.ts
FN:14,(anonymous_17)
FN:15,ListProviderMonthAvailabilityService
FN:22,(anonymous_19)
FNF:3
FNH:0
FNDA:0,(anonymous_17)
FNDA:0,ListProviderMonthAvailabilityService
FNDA:0,(anonymous_19)
DA:1,0
DA:14,0
DA:17,0
DA:19,0
DA:22,0
DA:23,0
DA:24,0
DA:25,0
DA:26,0
DA:28,0
DA:32,0
DA:33,0
DA:44,0
DA:50,0
DA:52,0
DA:54,0
LF:16
LH:0
BRDA:28,0,0,0
BRDA:28,0,1,0
BRDA:32,1,0,0
BRDA:32,1,1,0
BRF:4
BRH:0
end_of_record
TN:
SF:src/modules/appointments/services/ListProviderDayAvailabilityService.ts
FN:18,(anonymous_17)
FN:19,ListProviderDayAvailabilityService
FN:24,(anonymous_19)
FN:42,(anonymous_22)
FN:46,(anonymous_23)
FN:48,(anonymous_24)
FNF:6
FNH:0
FNDA:0,(anonymous_17)
FNDA:0,ListProviderDayAvailabilityService
FNDA:0,(anonymous_19)
FNDA:0,(anonymous_22)
FNDA:0,(anonymous_23)
FNDA:0,(anonymous_24)
DA:1,0
DA:3,0
DA:18,0
DA:21,0
DA:24,0
DA:25,0
DA:26,0
DA:27,0
DA:28,0
DA:30,0
DA:39,0
DA:40,0
DA:42,0
DA:45,0
DA:46,0
DA:47,0
DA:48,0
DA:51,0
DA:53,0
DA:59,0
DA:61,0
DA:63,0
LF:22
LH:0
BRDA:30,0,0,0
BRDA:55,1,0,0
BRDA:55,1,1,0
BRF:3
BRH:0
end_of_record
TN:
SF:src/modules/appointments/services/ListProviderMonthAvailabilityService.ts
FN:17,(anonymous_17)
FN:18,ListProviderMonthAvailabilityService
FN:23,(anonymous_19)
FN:39,(anonymous_22)
FN:42,(anonymous_23)
FN:43,(anonymous_24)
FNF:6
FNH:0
FNDA:0,(anonymous_17)
FNDA:0,ListProviderMonthAvailabilityService
FNDA:0,(anonymous_19)
FNDA:0,(anonymous_22)
FNDA:0,(anonymous_23)
FNDA:0,(anonymous_24)
DA:1,0
DA:2,0
DA:17,0
DA:20,0
DA:23,0
DA:24,0
DA:25,0
DA:26,0
DA:28,0
DA:36,0
DA:37,0
DA:39,0
DA:42,0
DA:43,0
DA:44,0
DA:47,0
DA:53,0
DA:55,0
DA:57,0
LF:19
LH:0
BRDA:28,0,0,0
BRF:1
BRH:0
end_of_record
TN:
SF:src/modules/appointments/services/ListProvidersService.ts
FN:12,(anonymous_17)
FN:13,ListProvidersService
FN:20,(anonymous_19)
FNF:3
FNH:0
FNDA:0,(anonymous_17)
FNDA:0,ListProvidersService
FNDA:0,(anonymous_19)
DA:4,0
DA:12,0
DA:15,0
DA:17,0
DA:20,0
DA:21,0
DA:24,0
DA:25,0
DA:31,0
DA:33,0
DA:35,0
DA:37,0
LF:12
LH:0
BRDA:21,0,0,0
BRDA:21,0,1,0
BRDA:24,1,0,0
BRDA:24,1,1,0
BRF:4
BRH:0
end_of_record
TN:
SF:src/modules/users/services/AuthenticateUserService.ts
FN:20,(anonymous_18)
FN:21,AuthenticateUserService
FN:28,(anonymous_20)
FNF:3
FNH:0
FNDA:0,(anonymous_18)
FNDA:0,AuthenticateUserService
FNDA:0,(anonymous_20)
DA:2,0
DA:3,0
DA:4,0
DA:6,0
DA:20,0
DA:23,0
DA:25,0
DA:28,0
DA:29,0
DA:31,0
DA:32,0
DA:35,0
DA:40,0
DA:41,0
DA:44,0
DA:46,0
DA:51,0
DA:56,0
DA:58,0
LF:19
LH:0
BRDA:29,0,0,0
BRDA:31,1,0,0
BRDA:31,1,1,0
BRDA:40,2,0,0
BRDA:40,2,1,0
BRF:5
BRH:0
end_of_record
TN:
SF:src/modules/users/services/CreateUserService.ts
FN:15,(anonymous_18)
FN:16,CreateUserService
FN:25,(anonymous_20)
FNF:3
FNH:0
FNDA:0,(anonymous_18)
FNDA:0,CreateUserService
FNDA:0,(anonymous_20)
DA:2,0
DA:5,0
DA:15,0
DA:18,0
DA:20,0
DA:22,0
DA:25,0
DA:26,0
DA:28,0
DA:29,0
DA:32,0
DA:34,0
DA:40,0
DA:42,0
DA:44,0
DA:46,0
LF:16
LH:0
BRDA:26,0,0,0
BRDA:28,1,0,0
BRDA:28,1,1,0
BRF:3
BRH:0
end_of_record
TN:
SF:src/modules/users/services/ResetPasswordService.ts
FN:14,(anonymous_18)
FN:15,ResetPasswordService
FN:24,(anonymous_20)
FNF:3
FNH:0
FNDA:0,(anonymous_18)
FNDA:0,ResetPasswordService
FNDA:0,(anonymous_20)
DA:1,0
DA:2,0
DA:3,0
DA:14,0
DA:17,0
DA:19,0
DA:21,0
DA:24,0
DA:25,0
DA:27,0
DA:28,0
DA:31,0
DA:33,0
DA:34,0
DA:37,0
DA:38,0
DA:39,0
DA:40,0
DA:43,0
DA:44,0
DA:46,0
DA:48,0
LF:22
LH:0
BRDA:25,0,0,0
BRDA:27,1,0,0
BRDA:27,1,1,0
BRDA:33,2,0,0
BRDA:33,2,1,0
BRDA:39,3,0,0
BRDA:39,3,1,0
BRF:7
BRH:0
end_of_record
TN:
SF:src/modules/users/services/SendForgotPasswordEmailService.ts
FN:13,(anonymous_18)
FN:14,SendForgotPasswordService
FN:23,(anonymous_20)
FNF:3
FNH:0
FNDA:0,(anonymous_18)
FNDA:0,SendForgotPasswordService
FNDA:0,(anonymous_20)
DA:1,0
DA:2,0
DA:3,0
DA:13,0
DA:16,0
DA:18,0
DA:20,0
DA:23,0
DA:24,0
DA:26,0
DA:27,0
DA:30,0
DA:31,0
DA:38,0
DA:53,0
DA:55,0
LF:16
LH:0
BRDA:24,0,0,0
BRDA:26,1,0,0
BRDA:26,1,1,0
BRF:3
BRH:0
end_of_record
TN:
SF:src/modules/users/services/ShowProfileService.ts
FN:11,(anonymous_18)
FN:12,ShowProfileService
FN:17,(anonymous_20)
FNF:3
FNH:0
FNDA:0,(anonymous_18)
FNDA:0,ShowProfileService
FNDA:0,(anonymous_20)
DA:2,0
DA:4,0
DA:11,0
DA:14,0
DA:17,0
DA:18,0
DA:20,0
DA:21,0
DA:24,0
DA:26,0
DA:28,0
LF:11
LH:0
BRDA:18,0,0,0
BRDA:20,1,0,0
BRDA:20,1,1,0
BRF:3
BRH:0
end_of_record
TN:
SF:src/modules/users/services/UpdateProfileService.ts
FN:16,(anonymous_18)
FN:17,UpdateProfileService
FN:24,(anonymous_20)
FNF:3
FNH:0
FNDA:0,(anonymous_18)
FNDA:0,UpdateProfileService
FNDA:0,(anonymous_20)
DA:2,0
DA:4,0
DA:16,0
DA:19,0
DA:21,0
DA:24,0
DA:25,0
DA:26,0
DA:27,0
DA:28,0
DA:29,0
DA:31,0
DA:33,0
DA:34,0
DA:37,0
DA:39,0
DA:40,0
DA:43,0
DA:44,0
DA:46,0
DA:47,0
DA:52,0
DA:53,0
DA:58,0
DA:59,0
DA:61,0
DA:64,0
DA:66,0
DA:68,0
LF:29
LH:0
BRDA:31,0,0,0
BRDA:31,0,1,0
BRDA:33,1,0,0
BRDA:33,1,1,0
BRDA:39,2,0,0
BRDA:39,2,1,0
BRDA:39,3,0,0
BRDA:39,3,1,0
BRDA:46,4,0,0
BRDA:46,4,1,0
BRDA:46,5,0,0
BRDA:46,5,1,0
BRDA:52,6,0,0
BRDA:52,6,1,0
BRDA:52,7,0,0
BRDA:52,7,1,0
BRDA:58,8,0,0
BRDA:58,8,1,0
BRF:18
BRH:0
end_of_record
TN:
SF:src/modules/users/services/UpdateUserAvatarService.ts
FN:16,(anonymous_18)
FN:17,UpdateUserAvatarService
FN:24,(anonymous_20)
FNF:3
FNH:0
FNDA:0,(anonymous_18)
FNDA:0,UpdateUserAvatarService
FNDA:0,(anonymous_20)
DA:5,0
DA:7,0
DA:16,0
DA:19,0
DA:21,0
DA:24,0
DA:25,0
DA:26,0
DA:27,0
DA:30,0
DA:31,0
DA:34,0
DA:35,0
DA:36,0
DA:38,0
DA:40,0
DA:42,0
LF:17
LH:0
BRDA:25,0,0,0
BRDA:25,0,1,0
BRDA:26,1,0,0
BRDA:26,1,1,0
BRDA:30,2,0,0
BRDA:30,2,1,0
BRF:6
BRH:0
end_of_record
