{"/Users/goncalobsantos/Developer/go-stack/semana6/GoBarberApp-tests/src/components/Button/styles.ts": {"path":"/Users/goncalobsantos/Developer/go-stack/semana6/GoBarberApp-tests/src/components/Button/styles.ts","statementMap":{"0":{"start":{"line":4,"column":25},"end":{"line":12,"column":1}},"1":{"start":{"line":14,"column":26},"end":{"line":18,"column":1}}},"fnMap":{},"branchMap":{},"s":{"0":1,"1":1},"f":{},"b":{},"_coverageSchema":"43e27e138ebf9cfc5966b082cf9a028302ed4184","hash":"9471556015a5a8a5980f97e991b3fa836e93d445"}
,"/Users/goncalobsantos/Developer/go-stack/semana6/GoBarberApp-tests/src/components/Input/styles.ts": {"path":"/Users/goncalobsantos/Developer/go-stack/semana6/GoBarberApp-tests/src/components/Input/styles.ts","statementMap":{"0":{"start":{"line":9,"column":25},"end":{"line":33,"column":1}},"1":{"start":{"line":23,"column":2},"end":{"line":26,"column":3}},"2":{"start":{"line":29,"column":2},"end":{"line":32,"column":3}},"3":{"start":{"line":35,"column":25},"end":{"line":40,"column":1}},"4":{"start":{"line":42,"column":20},"end":{"line":44,"column":1}}},"fnMap":{"0":{"name":"(anonymous_0)","decl":{"start":{"line":22,"column":3},"end":{"line":22,"column":4}},"loc":{"start":{"line":23,"column":2},"end":{"line":26,"column":3}},"line":23},"1":{"name":"(anonymous_1)","decl":{"start":{"line":28,"column":3},"end":{"line":28,"column":4}},"loc":{"start":{"line":29,"column":2},"end":{"line":32,"column":3}},"line":29}},"branchMap":{"0":{"loc":{"start":{"line":23,"column":2},"end":{"line":26,"column":3}},"type":"binary-expr","locations":[{"start":{"line":23,"column":2},"end":{"line":23,"column":16}},{"start":{"line":24,"column":2},"end":{"line":26,"column":3}}],"line":23},"1":{"loc":{"start":{"line":29,"column":2},"end":{"line":32,"column":3}},"type":"binary-expr","locations":[{"start":{"line":29,"column":2},"end":{"line":29,"column":17}},{"start":{"line":30,"column":2},"end":{"line":32,"column":3}}],"line":29}},"s":{"0":1,"1":2,"2":2,"3":1,"4":1},"f":{"0":2,"1":2},"b":{"0":[2,0],"1":[2,0]},"_coverageSchema":"43e27e138ebf9cfc5966b082cf9a028302ed4184","hash":"790012358b325f46e617de746778831e9a3ae7da"}
,"/Users/goncalobsantos/Developer/go-stack/semana6/GoBarberApp-tests/src/pages/AppointmentCreated/styles.ts": {"path":"/Users/goncalobsantos/Developer/go-stack/semana6/GoBarberApp-tests/src/pages/AppointmentCreated/styles.ts","statementMap":{"0":{"start":{"line":4,"column":25},"end":{"line":9,"column":1}},"1":{"start":{"line":11,"column":21},"end":{"line":17,"column":1}},"2":{"start":{"line":18,"column":27},"end":{"line":24,"column":1}},"3":{"start":{"line":25,"column":24},"end":{"line":32,"column":1}},"4":{"start":{"line":33,"column":28},"end":{"line":37,"column":1}}},"fnMap":{},"branchMap":{},"s":{"0":0,"1":0,"2":0,"3":0,"4":0},"f":{},"b":{},"hash":"682ba67f68def29139bbd5bad3a69a2670c7873a"}
,"/Users/goncalobsantos/Developer/go-stack/semana6/GoBarberApp-tests/src/pages/CreateAppointment/styles.ts": {"path":"/Users/goncalobsantos/Developer/go-stack/semana6/GoBarberApp-tests/src/pages/CreateAppointment/styles.ts","statementMap":{"0":{"start":{"line":24,"column":25},"end":{"line":26,"column":1}},"1":{"start":{"line":28,"column":22},"end":{"line":35,"column":1}},"2":{"start":{"line":36,"column":26},"end":{"line":36,"column":51}},"3":{"start":{"line":37,"column":27},"end":{"line":42,"column":1}},"4":{"start":{"line":43,"column":26},"end":{"line":48,"column":1}},"5":{"start":{"line":50,"column":23},"end":{"line":50,"column":42}},"6":{"start":{"line":52,"column":37},"end":{"line":54,"column":1}},"7":{"start":{"line":56,"column":29},"end":{"line":58,"column":1}},"8":{"start":{"line":60,"column":33},"end":{"line":67,"column":1}},"9":{"start":{"line":61,"column":27},"end":{"line":61,"column":65}},"10":{"start":{"line":68,"column":30},"end":{"line":72,"column":1}},"11":{"start":{"line":73,"column":28},"end":{"line":78,"column":1}},"12":{"start":{"line":77,"column":22},"end":{"line":77,"column":60}},"13":{"start":{"line":80,"column":24},"end":{"line":80,"column":37}},"14":{"start":{"line":81,"column":25},"end":{"line":86,"column":1}},"15":{"start":{"line":88,"column":36},"end":{"line":95,"column":1}},"16":{"start":{"line":96,"column":40},"end":{"line":100,"column":1}},"17":{"start":{"line":102,"column":24},"end":{"line":104,"column":1}},"18":{"start":{"line":105,"column":23},"end":{"line":107,"column":1}},"19":{"start":{"line":108,"column":28},"end":{"line":113,"column":1}},"20":{"start":{"line":114,"column":30},"end":{"line":118,"column":4}},"21":{"start":{"line":119,"column":20},"end":{"line":126,"column":1}},"22":{"start":{"line":121,"column":27},"end":{"line":121,"column":65}},"23":{"start":{"line":125,"column":24},"end":{"line":125,"column":49}},"24":{"start":{"line":127,"column":24},"end":{"line":131,"column":1}},"25":{"start":{"line":128,"column":22},"end":{"line":128,"column":60}},"26":{"start":{"line":133,"column":39},"end":{"line":140,"column":1}},"27":{"start":{"line":141,"column":43},"end":{"line":145,"column":1}}},"fnMap":{"0":{"name":"(anonymous_0)","decl":{"start":{"line":61,"column":15},"end":{"line":61,"column":16}},"loc":{"start":{"line":61,"column":27},"end":{"line":61,"column":65}},"line":61},"1":{"name":"(anonymous_1)","decl":{"start":{"line":77,"column":10},"end":{"line":77,"column":11}},"loc":{"start":{"line":77,"column":22},"end":{"line":77,"column":60}},"line":77},"2":{"name":"(anonymous_2)","decl":{"start":{"line":121,"column":15},"end":{"line":121,"column":16}},"loc":{"start":{"line":121,"column":27},"end":{"line":121,"column":65}},"line":121},"3":{"name":"(anonymous_3)","decl":{"start":{"line":125,"column":12},"end":{"line":125,"column":13}},"loc":{"start":{"line":125,"column":24},"end":{"line":125,"column":49}},"line":125},"4":{"name":"(anonymous_4)","decl":{"start":{"line":128,"column":10},"end":{"line":128,"column":11}},"loc":{"start":{"line":128,"column":22},"end":{"line":128,"column":60}},"line":128}},"branchMap":{"0":{"loc":{"start":{"line":61,"column":27},"end":{"line":61,"column":65}},"type":"cond-expr","locations":[{"start":{"line":61,"column":44},"end":{"line":61,"column":53}},{"start":{"line":61,"column":56},"end":{"line":61,"column":65}}],"line":61},"1":{"loc":{"start":{"line":77,"column":22},"end":{"line":77,"column":60}},"type":"cond-expr","locations":[{"start":{"line":77,"column":39},"end":{"line":77,"column":48}},{"start":{"line":77,"column":51},"end":{"line":77,"column":60}}],"line":77},"2":{"loc":{"start":{"line":121,"column":27},"end":{"line":121,"column":65}},"type":"cond-expr","locations":[{"start":{"line":121,"column":44},"end":{"line":121,"column":53}},{"start":{"line":121,"column":56},"end":{"line":121,"column":65}}],"line":121},"3":{"loc":{"start":{"line":125,"column":24},"end":{"line":125,"column":49}},"type":"cond-expr","locations":[{"start":{"line":125,"column":42},"end":{"line":125,"column":43}},{"start":{"line":125,"column":46},"end":{"line":125,"column":49}}],"line":125},"4":{"loc":{"start":{"line":128,"column":22},"end":{"line":128,"column":60}},"type":"cond-expr","locations":[{"start":{"line":128,"column":39},"end":{"line":128,"column":48}},{"start":{"line":128,"column":51},"end":{"line":128,"column":60}}],"line":128}},"s":{"0":0,"1":0,"2":0,"3":0,"4":0,"5":0,"6":0,"7":0,"8":0,"9":0,"10":0,"11":0,"12":0,"13":0,"14":0,"15":0,"16":0,"17":0,"18":0,"19":0,"20":0,"21":0,"22":0,"23":0,"24":0,"25":0,"26":0,"27":0},"f":{"0":0,"1":0,"2":0,"3":0,"4":0},"b":{"0":[0,0],"1":[0,0],"2":[0,0],"3":[0,0],"4":[0,0]},"hash":"dd21a546319bd5140c1824383c0bda9038535abd"}
,"/Users/goncalobsantos/Developer/go-stack/semana6/GoBarberApp-tests/src/pages/Dashboard/styles.ts": {"path":"/Users/goncalobsantos/Developer/go-stack/semana6/GoBarberApp-tests/src/pages/Dashboard/styles.ts","statementMap":{"0":{"start":{"line":7,"column":25},"end":{"line":9,"column":1}},"1":{"start":{"line":11,"column":27},"end":{"line":11,"column":41}},"2":{"start":{"line":12,"column":33},"end":{"line":17,"column":1}},"3":{"start":{"line":19,"column":30},"end":{"line":25,"column":1}},"4":{"start":{"line":27,"column":31},"end":{"line":31,"column":1}},"5":{"start":{"line":33,"column":37},"end":{"line":37,"column":1}},"6":{"start":{"line":39,"column":33},"end":{"line":46,"column":1}},"7":{"start":{"line":47,"column":37},"end":{"line":51,"column":1}},"8":{"start":{"line":53,"column":33},"end":{"line":61,"column":1}},"9":{"start":{"line":62,"column":37},"end":{"line":65,"column":1}},"10":{"start":{"line":67,"column":22},"end":{"line":74,"column":1}},"11":{"start":{"line":76,"column":27},"end":{"line":81,"column":1}},"12":{"start":{"line":83,"column":24},"end":{"line":86,"column":1}},"13":{"start":{"line":88,"column":29},"end":{"line":88,"column":54}},"14":{"start":{"line":90,"column":26},"end":{"line":94,"column":1}},"15":{"start":{"line":96,"column":29},"end":{"line":98,"column":1}},"16":{"start":{"line":100,"column":34},"end":{"line":105,"column":1}},"17":{"start":{"line":107,"column":33},"end":{"line":114,"column":1}},"18":{"start":{"line":115,"column":30},"end":{"line":119,"column":1}},"19":{"start":{"line":120,"column":28},"end":{"line":123,"column":1}},"20":{"start":{"line":124,"column":28},"end":{"line":128,"column":1}},"21":{"start":{"line":129,"column":28},"end":{"line":133,"column":1}},"22":{"start":{"line":134,"column":32},"end":{"line":138,"column":1}}},"fnMap":{},"branchMap":{},"s":{"0":0,"1":0,"2":0,"3":0,"4":0,"5":0,"6":0,"7":0,"8":0,"9":0,"10":0,"11":0,"12":0,"13":0,"14":0,"15":0,"16":0,"17":0,"18":0,"19":0,"20":0,"21":0,"22":0},"f":{},"b":{},"hash":"0fe4a427db808892a3f5b2a79647548571ffc8f5"}
,"/Users/goncalobsantos/Developer/go-stack/semana6/GoBarberApp-tests/src/pages/Profile/styles.ts": {"path":"/Users/goncalobsantos/Developer/go-stack/semana6/GoBarberApp-tests/src/pages/Profile/styles.ts","statementMap":{"0":{"start":{"line":4,"column":25},"end":{"line":8,"column":1}},"1":{"start":{"line":10,"column":21},"end":{"line":15,"column":1}},"2":{"start":{"line":17,"column":26},"end":{"line":19,"column":1}},"3":{"start":{"line":21,"column":34},"end":{"line":23,"column":1}},"4":{"start":{"line":25,"column":32},"end":{"line":27,"column":1}},"5":{"start":{"line":28,"column":26},"end":{"line":33,"column":1}}},"fnMap":{},"branchMap":{"0":{"loc":{"start":{"line":7,"column":19},"end":{"line":7,"column":55}},"type":"cond-expr","locations":[{"start":{"line":7,"column":47},"end":{"line":7,"column":50}},{"start":{"line":7,"column":53},"end":{"line":7,"column":55}}],"line":7}},"s":{"0":0,"1":0,"2":0,"3":0,"4":0,"5":0},"f":{},"b":{"0":[0,0]},"hash":"9c34399dc8dbacbea0efb1e2d8456c42afbc36a1"}
,"/Users/goncalobsantos/Developer/go-stack/semana6/GoBarberApp-tests/src/pages/SignIn/styles.ts": {"path":"/Users/goncalobsantos/Developer/go-stack/semana6/GoBarberApp-tests/src/pages/SignIn/styles.ts","statementMap":{"0":{"start":{"line":5,"column":25},"end":{"line":10,"column":1}},"1":{"start":{"line":12,"column":21},"end":{"line":17,"column":1}},"2":{"start":{"line":19,"column":30},"end":{"line":21,"column":1}},"3":{"start":{"line":23,"column":34},"end":{"line":27,"column":1}},"4":{"start":{"line":29,"column":35},"end":{"line":41,"column":1}},"5":{"start":{"line":43,"column":39},"end":{"line":48,"column":1}}},"fnMap":{},"branchMap":{"0":{"loc":{"start":{"line":9,"column":19},"end":{"line":9,"column":55}},"type":"cond-expr","locations":[{"start":{"line":9,"column":47},"end":{"line":9,"column":50}},{"start":{"line":9,"column":53},"end":{"line":9,"column":55}}],"line":9}},"s":{"0":1,"1":1,"2":1,"3":1,"4":1,"5":1},"f":{},"b":{"0":[0,1]},"_coverageSchema":"43e27e138ebf9cfc5966b082cf9a028302ed4184","hash":"3e6794eccca4ca60d8b64cacd8077a0ea4d11def"}
,"/Users/goncalobsantos/Developer/go-stack/semana6/GoBarberApp-tests/src/pages/SignUp/styles.ts": {"path":"/Users/goncalobsantos/Developer/go-stack/semana6/GoBarberApp-tests/src/pages/SignUp/styles.ts","statementMap":{"0":{"start":{"line":5,"column":25},"end":{"line":10,"column":1}},"1":{"start":{"line":12,"column":21},"end":{"line":17,"column":1}},"2":{"start":{"line":19,"column":33},"end":{"line":31,"column":1}},"3":{"start":{"line":33,"column":37},"end":{"line":38,"column":1}}},"fnMap":{},"branchMap":{"0":{"loc":{"start":{"line":9,"column":19},"end":{"line":9,"column":55}},"type":"cond-expr","locations":[{"start":{"line":9,"column":47},"end":{"line":9,"column":50}},{"start":{"line":9,"column":53},"end":{"line":9,"column":55}}],"line":9}},"s":{"0":0,"1":0,"2":0,"3":0},"f":{},"b":{"0":[0,0]},"hash":"70ddabf8e965de91f6dfce1adf9da13d52869f65"}
}
