TN:
SF:/Users/goncalobsantos/Developer/go-stack/semana6/GoBarberApp-tests/src/components/Button/styles.ts
FNF:0
FNH:0
DA:4,1
DA:14,1
LF:2
LH:2
BRF:0
BRH:0
end_of_record
TN:
SF:/Users/goncalobsantos/Developer/go-stack/semana6/GoBarberApp-tests/src/components/Input/styles.ts
FN:22,(anonymous_0)
FN:28,(anonymous_1)
FNF:2
FNH:2
FNDA:2,(anonymous_0)
FNDA:2,(anonymous_1)
DA:9,1
DA:23,2
DA:29,2
DA:35,1
DA:42,1
LF:5
LH:5
BRDA:23,0,0,2
BRDA:23,0,1,0
BRDA:29,1,0,2
BRDA:29,1,1,0
BRF:4
BRH:2
end_of_record
TN:
SF:/Users/goncalobsantos/Developer/go-stack/semana6/GoBarberApp-tests/src/pages/AppointmentCreated/styles.ts
FNF:0
FNH:0
DA:4,0
DA:11,0
DA:18,0
DA:25,0
DA:33,0
LF:5
LH:0
BRF:0
BRH:0
end_of_record
TN:
SF:/Users/goncalobsantos/Developer/go-stack/semana6/GoBarberApp-tests/src/pages/CreateAppointment/styles.ts
FN:61,(anonymous_0)
FN:77,(anonymous_1)
FN:121,(anonymous_2)
FN:125,(anonymous_3)
FN:128,(anonymous_4)
FNF:5
FNH:0
FNDA:0,(anonymous_0)
FNDA:0,(anonymous_1)
FNDA:0,(anonymous_2)
FNDA:0,(anonymous_3)
FNDA:0,(anonymous_4)
DA:24,0
DA:28,0
DA:36,0
DA:37,0
DA:43,0
DA:50,0
DA:52,0
DA:56,0
DA:60,0
DA:61,0
DA:68,0
DA:73,0
DA:77,0
DA:80,0
DA:81,0
DA:88,0
DA:96,0
DA:102,0
DA:105,0
DA:108,0
DA:114,0
DA:119,0
DA:121,0
DA:125,0
DA:127,0
DA:128,0
DA:133,0
DA:141,0
LF:28
LH:0
BRDA:61,0,0,0
BRDA:61,0,1,0
BRDA:77,1,0,0
BRDA:77,1,1,0
BRDA:121,2,0,0
BRDA:121,2,1,0
BRDA:125,3,0,0
BRDA:125,3,1,0
BRDA:128,4,0,0
BRDA:128,4,1,0
BRF:10
BRH:0
end_of_record
TN:
SF:/Users/goncalobsantos/Developer/go-stack/semana6/GoBarberApp-tests/src/pages/Dashboard/styles.ts
FNF:0
FNH:0
DA:7,0
DA:11,0
DA:12,0
DA:19,0
DA:27,0
DA:33,0
DA:39,0
DA:47,0
DA:53,0
DA:62,0
DA:67,0
DA:76,0
DA:83,0
DA:88,0
DA:90,0
DA:96,0
DA:100,0
DA:107,0
DA:115,0
DA:120,0
DA:124,0
DA:129,0
DA:134,0
LF:23
LH:0
BRF:0
BRH:0
end_of_record
TN:
SF:/Users/goncalobsantos/Developer/go-stack/semana6/GoBarberApp-tests/src/pages/Profile/styles.ts
FNF:0
FNH:0
DA:4,0
DA:10,0
DA:17,0
DA:21,0
DA:25,0
DA:28,0
LF:6
LH:0
BRDA:7,0,0,0
BRDA:7,0,1,0
BRF:2
BRH:0
end_of_record
TN:
SF:/Users/goncalobsantos/Developer/go-stack/semana6/GoBarberApp-tests/src/pages/SignIn/styles.ts
FNF:0
FNH:0
DA:5,1
DA:12,1
DA:19,1
DA:23,1
DA:29,1
DA:43,1
LF:6
LH:6
BRDA:9,0,0,0
BRDA:9,0,1,1
BRF:2
BRH:1
end_of_record
TN:
SF:/Users/goncalobsantos/Developer/go-stack/semana6/GoBarberApp-tests/src/pages/SignUp/styles.ts
FNF:0
FNH:0
DA:5,0
DA:12,0
DA:19,0
DA:33,0
LF:4
LH:0
BRDA:9,0,0,0
BRDA:9,0,1,0
BRF:2
BRH:0
end_of_record
